<?xml version="1.0"?>
<testsuites>
  <testsuite name="PhantomJS 1.9.8 (Linux)" package="includes.widgets.mashup-demo.chart-widget" timestamp="2015-06-10T13:27:34" id="0" hostname="dpcl068.ac.aixigo.de" tests="6" errors="0" failures="0" time="0.045">
    <properties>
      <property name="browser.fullName" value="Mozilla/5.0 (Unknown; Linux x86_64) AppleWebKit/534.34 (KHTML, like Gecko) PhantomJS/1.9.8 Safari/534.34"/>
    </properties>
    <testcase name="acts as a slave of the resource and displays the chart" time="0.027" classname="includes.widgets.mashup-demo.chart-widget PhantomJS 1.9.8 (Linux).A ChartWidget with feature timeSeries and feature chart"/>
    <testcase name="converts the resource data to chart model and displays the chart" time="0.003" classname="includes.widgets.mashup-demo.chart-widget PhantomJS 1.9.8 (Linux).A ChartWidget with feature timeSeries and feature chart"/>
    <testcase name="sets the labels for chart from resource" time="0.003" classname="includes.widgets.mashup-demo.chart-widget PhantomJS 1.9.8 (Linux).A ChartWidget with feature timeSeries and feature chart"/>
    <testcase name="replaces the resource and model after receiving a new resource" time="0.002" classname="includes.widgets.mashup-demo.chart-widget PhantomJS 1.9.8 (Linux).A ChartWidget with feature timeSeries and feature chart"/>
    <testcase name="updates the resource after receiving a patch with new values only" time="0.003" classname="includes.widgets.mashup-demo.chart-widget PhantomJS 1.9.8 (Linux).A ChartWidget with feature timeSeries and feature chart"/>
    <testcase name="updates the resource after receiving a patch with new values and a new label" time="0.007" classname="includes.widgets.mashup-demo.chart-widget PhantomJS 1.9.8 (Linux).A ChartWidget with feature timeSeries and feature chart"/>
    <system-out><![CDATA[
]]></system-out>
    <system-err/>
  </testsuite>
</testsuites>
